<?xml version="1.0" encoding="UTF-8"?>
<!-- Generated by org.testng.reporters.JUnitReportReporter -->
<testsuite skipped="0" hostname="DESKTOP-4ICHR7B" name="utilities.NewTest" tests="1" failures="0" timestamp="2021-11-18T10:51:08 MEZ" time="0.009" errors="0">
  <testcase name="f" time="0.009" classname="utilities.NewTest"/>
  <system-out/>
</testsuite> <!-- utilities.NewTest -->
