<?xml version="1.0" encoding="UTF-8"?>
<!-- Generated by org.testng.reporters.JUnitReportReporter -->
<testsuite skipped="0" hostname="DESKTOP-4ICHR7B" name="tests.VerifyPrice" tests="3" failures="0" timestamp="2021-11-18T12:01:47 MEZ" time="1.456" errors="0">
  <testcase name="verifiytheprice" time="0.044" classname="tests.VerifyPrice"/>
  <system-out/>
  <testcase name="getthePricesfromShoppingCart" time="0.394" classname="tests.VerifyPrice"/>
  <system-out/>
  <testcase name="openShoppincart" time="1.018" classname="tests.VerifyPrice"/>
  <system-out/>
</testsuite> <!-- tests.VerifyPrice -->
