<?xml version="1.0" encoding="UTF-8"?>
<!-- Generated by org.testng.reporters.JUnitReportReporter -->
<testsuite skipped="0" hostname="DESKTOP-4ICHR7B" name="tests.OrderProduct" tests="1" failures="0" timestamp="2021-11-17T15:25:39 MEZ" time="14.750" errors="0">
  <testcase name="order3Products" time="14.750" classname="tests.OrderProduct"/>
  <system-out/>
</testsuite> <!-- tests.OrderProduct -->
